<?xml version="1.0" encoding="UTF-8"?>
<!-- Generated by org.testng.reporters.JUnitXMLReporter -->
<testsuite hostname="DESKTOP-92RCTKU" name="Tomcat LogIn Test" tests="2" failures="0" timestamp="9 Sep 2019 09:29:30 GMT" time="19.607" errors="0">
  <testcase name="validLoginTest" time="3.577" classname="com.training.sanity.tests.Test_InvalidLogin$LoginTests"/>
  <testcase name="validLoginTest" time="3.478" classname="com.training.sanity.tests.Test_Login"/>
</testsuite> <!-- Tomcat LogIn Test -->
