<?xml version="1.0" encoding="UTF-8"?>
<!-- Generated by org.testng.reporters.JUnitXMLReporter -->
<testsuite hostname="DESKTOP-92RCTKU" name="Tomcat LogIn Test" tests="2" failures="0" timestamp="9 Sep 2019 18:32:39 GMT" time="19.127" errors="0">
  <testcase name="InvalidLoginTest" time="3.432" classname="com.training.sanity.tests.Test_InvalidLogin$LoginTests"/>
  <testcase name="validLoginTest" time="3.446" classname="com.training.sanity.tests.Test_Login"/>
</testsuite> <!-- Tomcat LogIn Test -->
