<?xml version="1.0" encoding="UTF-8"?>
<testng-results skipped="0" failed="0" total="2" passed="2">
  <reporter-output>
  </reporter-output>
  <suite name="Tomcat LogIn Test Suite" duration-ms="20862" started-at="2019-09-09T09:48:48Z" finished-at="2019-09-09T09:49:09Z">
    <groups>
    </groups>
    <test name="Tomcat LogIn Test" duration-ms="20862" started-at="2019-09-09T09:48:48Z" finished-at="2019-09-09T09:49:09Z">
      <class name="com.training.sanity.tests.Test_InvalidLogin$LoginTests">
        <test-method status="PASS" signature="setUpBeforeClass()[pri:0, instance:com.training.sanity.tests.Test_InvalidLogin$LoginTests@4563e9ab]" name="setUpBeforeClass" is-config="true" duration-ms="20" started-at="2019-09-09T15:18:48Z" finished-at="2019-09-09T15:18:48Z">
          <reporter-output>
          </reporter-output>
        </test-method> <!-- setUpBeforeClass -->
        <test-method status="PASS" signature="setUp()[pri:0, instance:com.training.sanity.tests.Test_InvalidLogin$LoginTests@4563e9ab]" name="setUp" is-config="true" duration-ms="5791" started-at="2019-09-09T15:18:48Z" finished-at="2019-09-09T15:18:54Z">
          <reporter-output>
          </reporter-output>
        </test-method> <!-- setUp -->
        <test-method status="PASS" signature="InvalidLoginTest()[pri:0, instance:com.training.sanity.tests.Test_InvalidLogin$LoginTests@4563e9ab]" name="InvalidLoginTest" duration-ms="3548" started-at="2019-09-09T15:18:54Z" finished-at="2019-09-09T15:18:57Z">
          <reporter-output>
          </reporter-output>
        </test-method> <!-- InvalidLoginTest -->
        <test-method status="PASS" signature="tearDown()[pri:0, instance:com.training.sanity.tests.Test_InvalidLogin$LoginTests@4563e9ab]" name="tearDown" is-config="true" duration-ms="1823" started-at="2019-09-09T15:18:57Z" finished-at="2019-09-09T15:18:59Z">
          <reporter-output>
          </reporter-output>
        </test-method> <!-- tearDown -->
      </class> <!-- com.training.sanity.tests.Test_InvalidLogin$LoginTests -->
      <class name="com.training.sanity.tests.Test_Login">
        <test-method status="PASS" signature="setUpBeforeClass()[pri:0, instance:com.training.sanity.tests.Test_Login@11531931]" name="setUpBeforeClass" is-config="true" duration-ms="1" started-at="2019-09-09T15:18:59Z" finished-at="2019-09-09T15:18:59Z">
          <reporter-output>
          </reporter-output>
        </test-method> <!-- setUpBeforeClass -->
        <test-method status="PASS" signature="setUp()[pri:0, instance:com.training.sanity.tests.Test_Login@11531931]" name="setUp" is-config="true" duration-ms="4277" started-at="2019-09-09T15:18:59Z" finished-at="2019-09-09T15:19:03Z">
          <reporter-output>
          </reporter-output>
        </test-method> <!-- setUp -->
        <test-method status="PASS" signature="validLoginTest()[pri:0, instance:com.training.sanity.tests.Test_Login@11531931]" name="validLoginTest" duration-ms="3501" started-at="2019-09-09T15:19:03Z" finished-at="2019-09-09T15:19:07Z">
          <reporter-output>
          </reporter-output>
        </test-method> <!-- validLoginTest -->
        <test-method status="PASS" signature="tearDown()[pri:0, instance:com.training.sanity.tests.Test_Login@11531931]" name="tearDown" is-config="true" duration-ms="1874" started-at="2019-09-09T15:19:07Z" finished-at="2019-09-09T15:19:09Z">
          <reporter-output>
          </reporter-output>
        </test-method> <!-- tearDown -->
      </class> <!-- com.training.sanity.tests.Test_Login -->
    </test> <!-- Tomcat LogIn Test -->
  </suite> <!-- Tomcat LogIn Test Suite -->
</testng-results>
